<?xml version="1.0" encoding="UTF-8"?>
<!-- Generated by org.testng.reporters.JUnitReportReporter -->
<testsuite hostname="LAPTOP-ME066P71" failures="0" tests="1" name="Testng.Copypaste" time="1.023" errors="0" timestamp="2023-07-07T17:19:16 AEST" skipped="0">
  <testcase classname="Testng.Copypaste" name="copypaste" time="1.023"/>
</testsuite> <!-- Testng.Copypaste -->
