<?xml version="1.0" encoding="UTF-8"?>
<!-- Generated by org.testng.reporters.JUnitReportReporter -->
<testsuite hostname="LAPTOP-ME066P71" failures="0" tests="1" name="Testng.Paramertization" time="13.225" errors="0" timestamp="2023-06-28T16:15:58 AEST" skipped="0">
  <testcase classname="Testng.Paramertization" name="test1" time="13.225"/>
</testsuite> <!-- Testng.Paramertization -->
