<?xml version="1.0" encoding="UTF-8"?>
<!-- Generated by org.testng.reporters.JUnitReportReporter -->
<testsuite hostname="LAPTOP-ME066P71" failures="0" tests="1" name="Tests.LoginpageTest" time="1.111" errors="0" timestamp="2023-07-13T23:05:49 AEST" skipped="0">
  <testcase classname="Tests.LoginpageTest" name="test1" time="1.111"/>
</testsuite> <!-- Tests.LoginpageTest -->
