<?xml version="1.0" encoding="UTF-8"?>
<!-- Generated by org.testng.reporters.JUnitReportReporter -->
<testsuite hostname="LAPTOP-ME066P71" failures="0" tests="1" name="Testng.Reddiffdropdown" time="6.726" errors="0" timestamp="2023-07-03T23:16:43 AEST" skipped="0">
  <testcase classname="Testng.Reddiffdropdown" name="test1" time="6.726"/>
</testsuite> <!-- Testng.Reddiffdropdown -->
