<?xml version="1.0" encoding="UTF-8"?>
<!-- Generated by org.testng.reporters.JUnitReportReporter -->
<testsuite hostname="LAPTOP-ME066P71" failures="0" tests="3" name="Testng.Testngprgrm" time="0.076" errors="0" timestamp="2023-06-27T17:09:51 AEST" skipped="0">
  <testcase classname="Testng.Testngprgrm" name="titleverificatio" time="0.010"/>
  <testcase classname="Testng.Testngprgrm" name="test2" time="0.022"/>
  <testcase classname="Testng.Testngprgrm" name="test1" time="0.044"/>
</testsuite> <!-- Testng.Testngprgrm -->
