<?xml version="1.0" encoding="UTF-8"?>
<!-- Generated by org.testng.reporters.JUnitReportReporter -->
<testsuite hostname="LAPTOP-ME066P71" failures="0" tests="1" name="Testng.Ebay" time="4.078" errors="0" timestamp="2023-07-07T16:35:16 AEST" skipped="0">
  <testcase classname="Testng.Ebay" name="mousehover" time="4.078"/>
</testsuite> <!-- Testng.Ebay -->
