<?xml version="1.0" encoding="UTF-8"?>
<!-- Generated by org.testng.reporters.JUnitReportReporter -->
<testsuite hostname="LAPTOP-ME066P71" failures="0" tests="1" name="Testng.Windowhandler" time="13.745" errors="0" timestamp="2023-07-11T10:22:04 AEST" skipped="0">
  <testcase classname="Testng.Windowhandler" name="test" time="13.745"/>
</testsuite> <!-- Testng.Windowhandler -->
