<?xml version="1.0" encoding="UTF-8"?>
<!-- Generated by org.testng.reporters.JUnitReportReporter -->
<testsuite hostname="LAPTOP-ME066P71" failures="0" tests="1" name="Tests.Fbforgot" time="8.864" errors="0" timestamp="2023-07-11T17:03:28 AEST" skipped="0">
  <testcase classname="Tests.Fbforgot" name="forgot" time="8.864"/>
</testsuite> <!-- Tests.Fbforgot -->
