<?xml version="1.0" encoding="UTF-8"?>
<!-- Generated by org.testng.reporters.JUnitReportReporter -->
<testsuite hostname="LAPTOP-ME066P71" failures="0" tests="1" name="Testng.Fileupload1" time="26.898" errors="0" timestamp="2023-07-05T10:03:17 AEST" skipped="0">
  <testcase classname="Testng.Fileupload1" name="befretest" time="26.898"/>
</testsuite> <!-- Testng.Fileupload1 -->
