<?xml version="1.0" encoding="UTF-8"?>
<!-- Generated by org.testng.reporters.JUnitReportReporter -->
<testsuite hostname="LAPTOP-ME066P71" failures="0" tests="1" name="Testng.Fbparametarization" time="11.503" errors="0" timestamp="2023-06-28T16:27:36 AEST" skipped="0">
  <testcase classname="Testng.Fbparametarization" name="test1" time="11.503"/>
</testsuite> <!-- Testng.Fbparametarization -->
