<?xml version="1.0" encoding="UTF-8"?>
<!-- Generated by org.testng.reporters.JUnitReportReporter -->
<testsuite hostname="LAPTOP-ME066P71" failures="0" tests="1" name="Testng.dragandrop" time="1.428" errors="0" timestamp="2023-07-03T15:45:41 AEST" skipped="0">
  <testcase classname="Testng.dragandrop" name="DragnDrop" time="1.428"/>
</testsuite> <!-- Testng.dragandrop -->
