<?xml version="1.0" encoding="UTF-8"?>
<!-- Generated by org.testng.reporters.JUnitReportReporter -->
<testsuite hostname="LAPTOP-ME066P71" failures="0" tests="1" name="Testng.File" time="13.890" errors="0" timestamp="2023-07-04T17:27:46 AEST" skipped="0">
  <testcase classname="Testng.File" name="datadriven" time="13.890"/>
</testsuite> <!-- Testng.File -->
